# JRE version: OpenJDK Runtime Environment (8.0_152-b02) (build 1.8.0_152-release-1024-b02)
# Java VM: OpenJDK 64-Bit Server VM (25.152-b02 mixed mode windows-amd64 compressed oops)
Heap:
 PSYoungGen      total 217600K, used 19613K [0x00000000e0000000, 0x00000000eed80000, 0x0000000100000000)
  eden space 197120K, 0% used [0x00000000e0000000,0x00000000e0000000,0x00000000ec080000)
  from space 20480K, 95% used [0x00000000ed780000,0x00000000eeaa7530,0x00000000eeb80000)
  to   space 23040K, 0% used [0x00000000ec080000,0x00000000ec080000,0x00000000ed700000)
 ParOldGen       total 175104K, used 25807K [0x00000000a0000000, 0x00000000aab00000, 0x00000000e0000000)
  object space 175104K, 14% used [0x00000000a0000000,0x00000000a1933e68,0x00000000aab00000)
 Metaspace       used 57278K, capacity 58914K, committed 58968K, reserved 1099776K
  class space    used 7860K, capacity 8275K, committed 8320K, reserved 1048576K
GC Heap History (10 events):
Event: 4.298 GC heap after
Heap after GC invocations=6 (full 1):
 PSYoungGen      total 138240K, used 10728K [0x00000000e0000000, 0x00000000ea500000, 0x0000000100000000)
  eden space 127488K, 0% used [0x00000000e0000000,0x00000000e0000000,0x00000000e7c80000)
  from space 10752K, 99% used [0x00000000e7c80000,0x00000000e86fa228,0x00000000e8700000)
  to   space 13312K, 0% used [0x00000000e9800000,0x00000000e9800000,0x00000000ea500000)
 ParOldGen       total 105984K, used 10471K [0x00000000a0000000, 0x00000000a6780000, 0x00000000e0000000)
  object space 105984K, 9% used [0x00000000a0000000,0x00000000a0a39fe8,0x00000000a6780000)
 Metaspace       used 34642K, capacity 35182K, committed 35416K, reserved 1079296K
  class space    used 4780K, capacity 4967K, committed 4992K, reserved 1048576K
}
Event: 4.298 GC heap before
{Heap before GC invocations=7 (full 2):
 PSYoungGen      total 138240K, used 10728K [0x00000000e0000000, 0x00000000ea500000, 0x0000000100000000)
  eden space 127488K, 0% used [0x00000000e0000000,0x00000000e0000000,0x00000000e7c80000)
  from space 10752K, 99% used [0x00000000e7c80000,0x00000000e86fa228,0x00000000e8700000)
  to   space 13312K, 0% used [0x00000000e9800000,0x00000000e9800000,0x00000000ea500000)
 ParOldGen       total 105984K, used 10471K [0x00000000a0000000, 0x00000000a6780000, 0x00000000e0000000)
  object space 105984K, 9% used [0x00000000a0000000,0x00000000a0a39fe8,0x00000000a6780000)
 Metaspace       used 34642K, capacity 35182K, committed 35416K, reserved 1079296K
  class space    used 4780K, capacity 4967K, committed 4992K, reserved 1048576K
Event: 4.337 GC heap after
Heap after GC invocations=7 (full 2):
 PSYoungGen      total 138240K, used 0K [0x00000000e0000000, 0x00000000ea500000, 0x0000000100000000)
  eden space 127488K, 0% used [0x00000000e0000000,0x00000000e0000000,0x00000000e7c80000)
  from space 10752K, 0% used [0x00000000e7c80000,0x00000000e7c80000,0x00000000e8700000)
  to   space 13312K, 0% used [0x00000000e9800000,0x00000000e9800000,0x00000000ea500000)
 ParOldGen       total 175104K, used 19195K [0x00000000a0000000, 0x00000000aab00000, 0x00000000e0000000)
  object space 175104K, 10% used [0x00000000a0000000,0x00000000a12bec50,0x00000000aab00000)
 Metaspace       used 34642K, capacity 35182K, committed 35416K, reserved 1079296K
  class space    used 4780K, capacity 4967K, committed 4992K, reserved 1048576K
}
Event: 5.346 GC heap before
{Heap before GC invocations=8 (full 2):
 PSYoungGen      total 138240K, used 127488K [0x00000000e0000000, 0x00000000ea500000, 0x0000000100000000)
  eden space 127488K, 100% used [0x00000000e0000000,0x00000000e7c80000,0x00000000e7c80000)
  from space 10752K, 0% used [0x00000000e7c80000,0x00000000e7c80000,0x00000000e8700000)
  to   space 13312K, 0% used [0x00000000e9800000,0x00000000e9800000,0x00000000ea500000)
 ParOldGen       total 175104K, used 19195K [0x00000000a0000000, 0x00000000aab00000, 0x00000000e0000000)
  object space 175104K, 10% used [0x00000000a0000000,0x00000000a12bec50,0x00000000aab00000)
 Metaspace       used 42568K, capacity 43464K, committed 43480K, reserved 1087488K
  class space    used 5869K, capacity 6140K, committed 6144K, reserved 1048576K
Event: 5.362 GC heap after
Heap after GC invocations=8 (full 2):
 PSYoungGen      total 153600K, used 13291K [0x00000000e0000000, 0x00000000ed080000, 0x0000000100000000)
  eden space 140288K, 0% used [0x00000000e0000000,0x00000000e0000000,0x00000000e8900000)
  from space 13312K, 99% used [0x00000000e9800000,0x00000000ea4fae10,0x00000000ea500000)
  to   space 15360K, 0% used [0x00000000e8900000,0x00000000e8900000,0x00000000e9800000)
 ParOldGen       total 175104K, used 19744K [0x00000000a0000000, 0x00000000aab00000, 0x00000000e0000000)
  object space 175104K, 11% used [0x00000000a0000000,0x00000000a13482a8,0x00000000aab00000)
 Metaspace       used 42568K, capacity 43464K, committed 43480K, reserved 1087488K
  class space    used 5869K, capacity 6140K, committed 6144K, reserved 1048576K
}
Event: 7.101 GC heap before
{Heap before GC invocations=9 (full 2):
 PSYoungGen      total 153600K, used 153579K [0x00000000e0000000, 0x00000000ed080000, 0x0000000100000000)
  eden space 140288K, 100% used [0x00000000e0000000,0x00000000e8900000,0x00000000e8900000)
  from space 13312K, 99% used [0x00000000e9800000,0x00000000ea4fae10,0x00000000ea500000)
  to   space 15360K, 0% used [0x00000000e8900000,0x00000000e8900000,0x00000000e9800000)
 ParOldGen       total 175104K, used 19744K [0x00000000a0000000, 0x00000000aab00000, 0x00000000e0000000)
  object space 175104K, 11% used [0x00000000a0000000,0x00000000a13482a8,0x00000000aab00000)
 Metaspace       used 53481K, capacity 55088K, committed 55384K, reserved 1097728K
  class space    used 7330K, capacity 7708K, committed 7808K, reserved 1048576K
Event: 7.120 GC heap after
Heap after GC invocations=9 (full 2):
 PSYoungGen      total 155648K, used 15357K [0x00000000e0000000, 0x00000000eeb80000, 0x0000000100000000)
  eden space 140288K, 0% used [0x00000000e0000000,0x00000000e0000000,0x00000000e8900000)
  from space 15360K, 99% used [0x00000000e8900000,0x00000000e97ff500,0x00000000e9800000)
  to   space 20480K, 0% used [0x00000000ed780000,0x00000000ed780000,0x00000000eeb80000)
 ParOldGen       total 175104K, used 25799K [0x00000000a0000000, 0x00000000aab00000, 0x00000000e0000000)
  object space 175104K, 14% used [0x00000000a0000000,0x00000000a1931e68,0x00000000aab00000)
 Metaspace       used 53481K, capacity 55088K, committed 55384K, reserved 1097728K
  class space    used 7330K, capacity 7708K, committed 7808K, reserved 1048576K
}
Event: 8.903 GC heap before
{Heap before GC invocations=10 (full 2):
 PSYoungGen      total 155648K, used 80410K [0x00000000e0000000, 0x00000000eeb80000, 0x0000000100000000)
  eden space 140288K, 46% used [0x00000000e0000000,0x00000000e3f87500,0x00000000e8900000)
  from space 15360K, 99% used [0x00000000e8900000,0x00000000e97ff500,0x00000000e9800000)
  to   space 20480K, 0% used [0x00000000ed780000,0x00000000ed780000,0x00000000eeb80000)
 ParOldGen       total 175104K, used 25799K [0x00000000a0000000, 0x00000000aab00000, 0x00000000e0000000)
  object space 175104K, 14% used [0x00000000a0000000,0x00000000a1931e68,0x00000000aab00000)
 Metaspace       used 57278K, capacity 58914K, committed 58968K, reserved 1099776K
  class space    used 7860K, capacity 8275K, committed 8320K, reserved 1048576K
Event: 8.918 GC heap after
Heap after GC invocations=10 (full 2):
 PSYoungGen      total 217600K, used 19613K [0x00000000e0000000, 0x00000000eed80000, 0x0000000100000000)
  eden space 197120K, 0% used [0x00000000e0000000,0x00000000e0000000,0x00000000ec080000)
  from space 20480K, 95% used [0x00000000ed780000,0x00000000eeaa7530,0x00000000eeb80000)
  to   space 23040K, 0% used [0x00000000ec080000,0x00000000ec080000,0x00000000ed700000)
 ParOldGen       total 175104K, used 25807K [0x00000000a0000000, 0x00000000aab00000, 0x00000000e0000000)
  object space 175104K, 14% used [0x00000000a0000000,0x00000000a1933e68,0x00000000aab00000)
 Metaspace       used 57278K, capacity 58914K, committed 58968K, reserved 1099776K
  class space    used 7860K, capacity 8275K, committed 8320K, reserved 1048576K
}
Event: 8.918 GC heap before
{Heap before GC invocations=11 (full 3):
 PSYoungGen      total 217600K, used 19613K [0x00000000e0000000, 0x00000000eed80000, 0x0000000100000000)
  eden space 197120K, 0% used [0x00000000e0000000,0x00000000e0000000,0x00000000ec080000)
  from space 20480K, 95% used [0x00000000ed780000,0x00000000eeaa7530,0x00000000eeb80000)
  to   space 23040K, 0% used [0x00000000ec080000,0x00000000ec080000,0x00000000ed700000)
 ParOldGen       total 175104K, used 25807K [0x00000000a0000000, 0x00000000aab00000, 0x00000000e0000000)
  object space 175104K, 14% used [0x00000000a0000000,0x00000000a1933e68,0x00000000aab00000)
 Metaspace       used 57278K, capacity 58914K, committed 58968K, reserved 1099776K
  class space    used 7860K, capacity 8275K, committed 8320K, reserved 1048576K

